[debug] [2025-06-13T02:37:40.879Z] ----------------------------------------------------------------------
[debug] [2025-06-13T02:37:40.891Z] Command:       C:\Program Files\nodejs\node.exe C:\Users\Rainer\AppData\Roaming\npm\node_modules\firebase-tools\lib\bin\firebase.js init
[debug] [2025-06-13T02:37:40.892Z] CLI Version:   14.6.0
[debug] [2025-06-13T02:37:40.893Z] Platform:      win32
[debug] [2025-06-13T02:37:40.893Z] Node Version:  v22.16.0
[debug] [2025-06-13T02:37:40.894Z] Time:          Thu Jun 12 2025 19:37:40 GMT-0700 (Pacific Daylight Time)
[debug] [2025-06-13T02:37:40.895Z] ----------------------------------------------------------------------
[debug] 
[debug] [2025-06-13T02:37:40.926Z] > command requires scopes: ["email","openid","https://www.googleapis.com/auth/cloudplatformprojects.readonly","https://www.googleapis.com/auth/firebase","https://www.googleapis.com/auth/cloud-platform"]
[debug] [2025-06-13T02:37:40.927Z] > authorizing via signed-in user (chikboy33@gmail.com)
[info] 
     ######## #### ########  ######## ########     ###     ######  ########
     ##        ##  ##     ## ##       ##     ##  ##   ##  ##       ##
     ######    ##  ########  ######   ########  #########  ######  ######
     ##        ##  ##    ##  ##       ##     ## ##     ##       ## ##
     ##       #### ##     ## ######## ########  ##     ##  ######  ########

You're about to initialize a Firebase project in this directory:

  C:\Users\Rainer\Documents\CCTB school documents\DevOps1\midterm\tic-tac-toe

[debug] [2025-06-13T02:38:04.566Z] ExitPromptError: User force closed the prompt with SIGINT
    at Interface.sigint (C:\Users\Rainer\AppData\Roaming\npm\node_modules\firebase-tools\node_modules\@inquirer\core\dist\commonjs\lib\create-prompt.js:101:37)
    at Interface.emit (node:events:518:28)
    at Interface.emit (node:domain:489:12)
    at [_ttyWrite] [as _ttyWrite] (node:internal/readline/interface:1128:18)
    at ReadStream.onkeypress (node:internal/readline/interface:267:20)
    at ReadStream.emit (node:events:530:35)
    at ReadStream.emit (node:domain:489:12)
    at emitKeys (node:internal/readline/utils:370:14)
    at emitKeys.next (<anonymous>)
    at ReadStream.onData (node:internal/readline/emitKeypressEvents:64:36)
[error] 
[error] Error: An unexpected error has occurred.
